0 info it worked if it ends with ok
1 verbose cli [ '/home/kinyuy/.nvm/v0.8.28/bin/node',
1 verbose cli   '/home/kinyuy/.nvm/v0.8.28/bin/npm',
1 verbose cli   'install',
1 verbose cli   '--save',
1 verbose cli   'aphrodite' ]
2 info using npm@1.2.30
3 info using node@v0.8.28
4 verbose read json /home/kinyuy/alx-react/package.json
5 warn package.json @ No repository field.
6 verbose read json /home/kinyuy/alx-react/node_modules/acorn/package.json
7 verbose read json /home/kinyuy/alx-react/node_modules/extsprintf/package.json
8 verbose read json /home/kinyuy/alx-react/node_modules/resolve-from/package.json
9 verbose read json /home/kinyuy/alx-react/node_modules/webpack-sources/package.json
10 verbose read json /home/kinyuy/alx-react/node_modules/nib/package.json
11 verbose read json /home/kinyuy/alx-react/node_modules/isobject/package.json
12 verbose read json /home/kinyuy/alx-react/node_modules/fast-deep-equal/package.json
13 verbose read json /home/kinyuy/alx-react/node_modules/email-addresses/package.json
14 verbose read json /home/kinyuy/alx-react/node_modules/esrecurse/package.json
15 verbose read json /home/kinyuy/alx-react/node_modules/concat-map/package.json
16 verbose read json /home/kinyuy/alx-react/node_modules/performance-now/package.json
17 verbose read json /home/kinyuy/alx-react/node_modules/@xtuc/package.json
18 verbose read json /home/kinyuy/alx-react/node_modules/uglify-js-brunch/package.json
19 verbose read json /home/kinyuy/alx-react/node_modules/balanced-match/package.json
20 verbose read json /home/kinyuy/alx-react/node_modules/once/package.json
21 verbose read json /home/kinyuy/alx-react/node_modules/webpack/package.json
22 verbose read json /home/kinyuy/alx-react/node_modules/watchpack/package.json
23 verbose read json /home/kinyuy/alx-react/node_modules/underscore/package.json
24 verbose read json /home/kinyuy/alx-react/node_modules/css-brunch/package.json
25 verbose read json /home/kinyuy/alx-react/node_modules/keypress/package.json
26 verbose read json /home/kinyuy/alx-react/node_modules/picocolors/package.json
27 verbose read json /home/kinyuy/alx-react/node_modules/flat/package.json
28 verbose read json /home/kinyuy/alx-react/node_modules/inflight/package.json
29 verbose read json /home/kinyuy/alx-react/node_modules/filenamify/package.json
30 verbose read json /home/kinyuy/alx-react/node_modules/globby/package.json
31 verbose read json /home/kinyuy/alx-react/node_modules/clone-deep/package.json
32 verbose read json /home/kinyuy/alx-react/node_modules/es-module-lexer/package.json
33 verbose read json /home/kinyuy/alx-react/node_modules/json-parse-even-better-errors/package.json
34 verbose read json /home/kinyuy/alx-react/node_modules/optimist/package.json
35 verbose read json /home/kinyuy/alx-react/node_modules/graceful-fs/package.json
36 verbose read json /home/kinyuy/alx-react/node_modules/safer-buffer/package.json
37 verbose read json /home/kinyuy/alx-react/node_modules/stylus-brunch/package.json
38 verbose read json /home/kinyuy/alx-react/node_modules/htmlparser/package.json
39 verbose read json /home/kinyuy/alx-react/node_modules/commander/package.json
40 verbose read json /home/kinyuy/alx-react/node_modules/source-map/package.json
41 verbose read json /home/kinyuy/alx-react/node_modules/array-uniq/package.json
42 verbose read json /home/kinyuy/alx-react/node_modules/jsprim/package.json
43 verbose read json /home/kinyuy/alx-react/node_modules/jest-worker/package.json
44 verbose read json /home/kinyuy/alx-react/node_modules/buffer-from/package.json
45 verbose read json /home/kinyuy/alx-react/node_modules/pinkie/package.json
46 verbose read json /home/kinyuy/alx-react/node_modules/dashdash/package.json
47 verbose read json /home/kinyuy/alx-react/node_modules/assert-plus/package.json
48 verbose read json /home/kinyuy/alx-react/node_modules/acorn-import-attributes/package.json
49 verbose read json /home/kinyuy/alx-react/node_modules/strip-outer/package.json
50 verbose read json /home/kinyuy/alx-react/node_modules/shebang-command/package.json
51 verbose read json /home/kinyuy/alx-react/node_modules/safe-buffer/package.json
52 verbose read json /home/kinyuy/alx-react/node_modules/which/package.json
53 verbose read json /home/kinyuy/alx-react/node_modules/jsdom/package.json
54 verbose read json /home/kinyuy/alx-react/node_modules/webpack-cli/package.json
55 verbose read json /home/kinyuy/alx-react/node_modules/coffee-script-brunch/package.json
56 verbose read json /home/kinyuy/alx-react/node_modules/getpass/package.json
57 verbose read json /home/kinyuy/alx-react/node_modules/aws-sign2/package.json
58 verbose read json /home/kinyuy/alx-react/node_modules/update-browserslist-db/package.json
59 verbose read json /home/kinyuy/alx-react/node_modules/ignore/package.json
60 verbose read json /home/kinyuy/alx-react/node_modules/array-union/package.json
61 verbose read json /home/kinyuy/alx-react/node_modules/escape-string-regexp/package.json
62 verbose read json /home/kinyuy/alx-react/node_modules/jsbn/package.json
63 verbose read json /home/kinyuy/alx-react/node_modules/supports-color/package.json
64 verbose read json /home/kinyuy/alx-react/node_modules/hasown/package.json
65 verbose read json /home/kinyuy/alx-react/node_modules/coffee-script/package.json
66 verbose read json /home/kinyuy/alx-react/node_modules/inline-style-prefixer/package.json
67 verbose read json /home/kinyuy/alx-react/node_modules/has-flag/package.json
68 verbose read json /home/kinyuy/alx-react/node_modules/json-schema-traverse/package.json
69 verbose read json /home/kinyuy/alx-react/node_modules/mime-types/package.json
70 verbose read json /home/kinyuy/alx-react/node_modules/tinycolor/package.json
71 verbose read json /home/kinyuy/alx-react/node_modules/shallow-clone/package.json
72 verbose read json /home/kinyuy/alx-react/node_modules/node-releases/package.json
73 verbose read json /home/kinyuy/alx-react/node_modules/locate-path/package.json
74 verbose read json /home/kinyuy/alx-react/node_modules/verror/package.json
75 verbose read json /home/kinyuy/alx-react/node_modules/import-local/package.json
76 verbose read json /home/kinyuy/alx-react/node_modules/fast-json-stable-stringify/package.json
77 verbose read json /home/kinyuy/alx-react/node_modules/wrappy/package.json
78 verbose read json /home/kinyuy/alx-react/node_modules/seq/package.json
79 verbose read json /home/kinyuy/alx-react/node_modules/make-dir/package.json
80 verbose read json /home/kinyuy/alx-react/node_modules/glob/package.json
81 verbose read json /home/kinyuy/alx-react/node_modules/envinfo/package.json
82 verbose read json /home/kinyuy/alx-react/node_modules/@types/package.json
83 verbose read json /home/kinyuy/alx-react/node_modules/debug/package.json
84 verbose read json /home/kinyuy/alx-react/node_modules/electron-to-chromium/package.json
85 verbose read json /home/kinyuy/alx-react/node_modules/uri-js/package.json
86 verbose read json /home/kinyuy/alx-react/node_modules/caniuse-lite/package.json
87 verbose read json /home/kinyuy/alx-react/node_modules/package-name/package.json
88 verbose read json /home/kinyuy/alx-react/node_modules/strip-json-comments/package.json
89 verbose read json /home/kinyuy/alx-react/node_modules/merge-stream/package.json
90 verbose read json /home/kinyuy/alx-react/node_modules/pinkie-promise/package.json
91 verbose read json /home/kinyuy/alx-react/node_modules/tough-cookie/package.json
92 verbose read json /home/kinyuy/alx-react/node_modules/fastest-levenshtein/package.json
93 verbose read json /home/kinyuy/alx-react/node_modules/coffeelint/package.json
94 verbose read json /home/kinyuy/alx-react/node_modules/ms/package.json
95 verbose read json /home/kinyuy/alx-react/node_modules/chrome-trace-event/package.json
96 verbose read json /home/kinyuy/alx-react/node_modules/form-data/package.json
97 verbose read json /home/kinyuy/alx-react/node_modules/asap/package.json
98 verbose read json /home/kinyuy/alx-react/node_modules/kind-of/package.json
99 verbose read json /home/kinyuy/alx-react/node_modules/p-locate/package.json
100 verbose read json /home/kinyuy/alx-react/node_modules/bcrypt-pbkdf/package.json
101 verbose read json /home/kinyuy/alx-react/node_modules/asynckit/package.json
102 verbose read json /home/kinyuy/alx-react/node_modules/path-exists/package.json
103 verbose read json /home/kinyuy/alx-react/node_modules/rechoir/package.json
104 verbose read json /home/kinyuy/alx-react/node_modules/minimist/package.json
105 verbose read json /home/kinyuy/alx-react/node_modules/combined-stream/package.json
106 verbose read json /home/kinyuy/alx-react/node_modules/forever-agent/package.json
107 verbose read json /home/kinyuy/alx-react/node_modules/auto-reload-brunch/package.json
108 verbose read json /home/kinyuy/alx-react/node_modules/mkdirp/package.json
109 verbose read json /home/kinyuy/alx-react/node_modules/is-typedarray/package.json
110 verbose read json /home/kinyuy/alx-react/node_modules/is-plain-object/package.json
111 verbose read json /home/kinyuy/alx-react/node_modules/watch/package.json
112 verbose read json /home/kinyuy/alx-react/node_modules/schema-utils/package.json
113 verbose read json /home/kinyuy/alx-react/node_modules/jsonfile/package.json
114 verbose read json /home/kinyuy/alx-react/node_modules/options/package.json
115 verbose read json /home/kinyuy/alx-react/node_modules/clean-css-brunch/package.json
116 verbose read json /home/kinyuy/alx-react/node_modules/asn1/package.json
117 verbose read json /home/kinyuy/alx-react/node_modules/psl/package.json
118 verbose read json /home/kinyuy/alx-react/node_modules/json-stringify-safe/package.json
119 verbose read json /home/kinyuy/alx-react/node_modules/colorette/package.json
120 verbose read json /home/kinyuy/alx-react/node_modules/path-is-absolute/package.json
121 verbose read json /home/kinyuy/alx-react/node_modules/filename-reserved-regex/package.json
122 verbose read json /home/kinyuy/alx-react/node_modules/estraverse/package.json
123 verbose read json /home/kinyuy/alx-react/node_modules/@webassemblyjs/package.json
124 verbose read json /home/kinyuy/alx-react/node_modules/brace-expansion/package.json
125 verbose read json /home/kinyuy/alx-react/node_modules/gh-pages/package.json
126 verbose read json /home/kinyuy/alx-react/node_modules/path-parse/package.json
127 verbose read json /home/kinyuy/alx-react/node_modules/har-validator/package.json
128 verbose read json /home/kinyuy/alx-react/node_modules/undici-types/package.json
129 verbose read json /home/kinyuy/alx-react/node_modules/pify/package.json
130 verbose read json /home/kinyuy/alx-react/node_modules/enhanced-resolve/package.json
131 verbose read json /home/kinyuy/alx-react/node_modules/p-limit/package.json
132 verbose read json /home/kinyuy/alx-react/node_modules/aphrodite/package.json
133 verbose read json /home/kinyuy/alx-react/node_modules/extend/package.json
134 verbose read json /home/kinyuy/alx-react/node_modules/loader-runner/package.json
135 verbose read json /home/kinyuy/alx-react/node_modules/escalade/package.json
136 verbose read json /home/kinyuy/alx-react/node_modules/object-assign/package.json
137 verbose read json /home/kinyuy/alx-react/node_modules/fs-extra/package.json
138 verbose read json /home/kinyuy/alx-react/node_modules/resolve-cwd/package.json
139 verbose read json /home/kinyuy/alx-react/node_modules/punycode/package.json
140 verbose read json /home/kinyuy/alx-react/node_modules/fs.realpath/package.json
141 verbose read json /home/kinyuy/alx-react/node_modules/clean-css/package.json
142 verbose read json /home/kinyuy/alx-react/node_modules/isexe/package.json
143 verbose read json /home/kinyuy/alx-react/node_modules/css-in-js-utils/package.json
144 verbose read json /home/kinyuy/alx-react/node_modules/shebang-regex/package.json
145 verbose read json /home/kinyuy/alx-react/node_modules/uglify-js/package.json
146 verbose read json /home/kinyuy/alx-react/node_modules/cssom/package.json
147 verbose read json /home/kinyuy/alx-react/node_modules/serialize-javascript/package.json
148 verbose read json /home/kinyuy/alx-react/node_modules/sshpk/package.json
149 verbose read json /home/kinyuy/alx-react/node_modules/ecc-jsbn/package.json
150 verbose read json /home/kinyuy/alx-react/node_modules/string-hash/package.json
151 verbose read json /home/kinyuy/alx-react/node_modules/hyphenate-style-name/package.json
152 verbose read json /home/kinyuy/alx-react/node_modules/minimatch/package.json
153 verbose read json /home/kinyuy/alx-react/node_modules/tweetnacl/package.json
154 verbose read json /home/kinyuy/alx-react/node_modules/resolve/package.json
155 verbose read json /home/kinyuy/alx-react/node_modules/find-up/package.json
156 verbose read json /home/kinyuy/alx-react/node_modules/request/package.json
157 verbose read json /home/kinyuy/alx-react/node_modules/cssstyle/package.json
158 verbose read json /home/kinyuy/alx-react/node_modules/imagemagick/package.json
159 verbose read json /home/kinyuy/alx-react/node_modules/pkg-dir/package.json
160 verbose read json /home/kinyuy/alx-react/node_modules/eslint-scope/package.json
161 verbose read json /home/kinyuy/alx-react/node_modules/terser-webpack-plugin/package.json
162 verbose read json /home/kinyuy/alx-react/node_modules/json-schema/package.json
163 verbose read json /home/kinyuy/alx-react/node_modules/stylus/package.json
164 verbose read json /home/kinyuy/alx-react/node_modules/find-cache-dir/package.json
165 verbose read json /home/kinyuy/alx-react/node_modules/commondir/package.json
166 verbose read json /home/kinyuy/alx-react/node_modules/javascript-brunch/package.json
167 verbose read json /home/kinyuy/alx-react/node_modules/qs/package.json
168 verbose read json /home/kinyuy/alx-react/node_modules/oauth-sign/package.json
169 verbose read json /home/kinyuy/alx-react/node_modules/caseless/package.json
170 verbose read json /home/kinyuy/alx-react/node_modules/p-try/package.json
171 verbose read json /home/kinyuy/alx-react/node_modules/ajv-keywords/package.json
172 verbose read json /home/kinyuy/alx-react/node_modules/events/package.json
173 verbose read json /home/kinyuy/alx-react/node_modules/supports-preserve-symlinks-flag/package.json
174 verbose read json /home/kinyuy/alx-react/node_modules/har-schema/package.json
175 verbose read json /home/kinyuy/alx-react/node_modules/http-signature/package.json
176 verbose read json /home/kinyuy/alx-react/node_modules/node-sprite/package.json
177 verbose read json /home/kinyuy/alx-react/node_modules/async/package.json
178 verbose read json /home/kinyuy/alx-react/node_modules/uuid/package.json
179 verbose read json /home/kinyuy/alx-react/node_modules/glob-to-regexp/package.json
180 verbose read json /home/kinyuy/alx-react/node_modules/coffeelint-brunch/package.json
181 verbose read json /home/kinyuy/alx-react/node_modules/delayed-stream/package.json
182 verbose read json /home/kinyuy/alx-react/node_modules/inherits/package.json
183 verbose read json /home/kinyuy/alx-react/node_modules/@discoveryjs/package.json
184 verbose read json /home/kinyuy/alx-react/node_modules/traverse/package.json
185 verbose read json /home/kinyuy/alx-react/node_modules/terser/package.json
186 verbose read json /home/kinyuy/alx-react/node_modules/core-util-is/package.json
187 verbose read json /home/kinyuy/alx-react/node_modules/interpret/package.json
188 verbose read json /home/kinyuy/alx-react/node_modules/tunnel-agent/package.json
189 verbose read json /home/kinyuy/alx-react/node_modules/wordwrap/package.json
190 verbose read json /home/kinyuy/alx-react/node_modules/hashish/package.json
191 verbose read json /home/kinyuy/alx-react/node_modules/semver/package.json
192 verbose read json /home/kinyuy/alx-react/node_modules/cross-spawn/package.json
193 verbose read json /home/kinyuy/alx-react/node_modules/rrweb-cssom/package.json
194 verbose read json /home/kinyuy/alx-react/node_modules/amdefine/package.json
195 verbose read json /home/kinyuy/alx-react/node_modules/ws/package.json
196 verbose read json /home/kinyuy/alx-react/node_modules/source-map-support/package.json
197 verbose read json /home/kinyuy/alx-react/node_modules/path-key/package.json
198 verbose read json /home/kinyuy/alx-react/node_modules/browserslist/package.json
199 verbose read json /home/kinyuy/alx-react/node_modules/universalify/package.json
200 verbose read json /home/kinyuy/alx-react/node_modules/emblem-brunch/package.json
201 verbose read json /home/kinyuy/alx-react/node_modules/isstream/package.json
202 verbose read json /home/kinyuy/alx-react/node_modules/trim-repeated/package.json
203 verbose read json /home/kinyuy/alx-react/node_modules/function-bind/package.json
204 verbose read json /home/kinyuy/alx-react/node_modules/aws4/package.json
205 verbose read json /home/kinyuy/alx-react/node_modules/randombytes/package.json
206 verbose read json /home/kinyuy/alx-react/node_modules/webpack-merge/package.json
207 verbose read json /home/kinyuy/alx-react/node_modules/ajv/package.json
208 verbose read json /home/kinyuy/alx-react/node_modules/coffeescript/package.json
209 verbose read json /home/kinyuy/alx-react/node_modules/neo-async/package.json
210 verbose read json /home/kinyuy/alx-react/node_modules/tapable/package.json
211 verbose read json /home/kinyuy/alx-react/node_modules/chainsaw/package.json
212 verbose read json /home/kinyuy/alx-react/node_modules/is-core-module/package.json
213 verbose read json /home/kinyuy/alx-react/node_modules/mime-db/package.json
214 verbose read json /home/kinyuy/alx-react/node_modules/@webpack-cli/package.json
215 verbose read json /home/kinyuy/alx-react/node_modules/wildcard/package.json
216 verbose read json /home/kinyuy/alx-react/node_modules/@jridgewell/package.json
217 warn package.json jsdom@0.2.19 No repository field.
218 warn package.json jsdom@0.2.19 'repositories' (plural) Not supported.
218 warn package.json Please pick one as the 'repository' field
219 warn package.json aphrodite@2.4.0 scripts['tests'] should probably be scripts['test'].
220 warn package.json uglify-js@2.2.5 No repository field.
221 warn package.json uglify-js@2.2.5 'repositories' (plural) Not supported.
221 warn package.json Please pick one as the 'repository' field
222 verbose from cache /home/kinyuy/alx-react/package.json
223 verbose readDependencies using package.json deps
224 verbose cache add [ 'aphrodite@^2.4.0', null ]
225 verbose cache add name=undefined spec="aphrodite@^2.4.0" args=["aphrodite@^2.4.0",null]
226 verbose parsed url { pathname: 'aphrodite@^2.4.0',
226 verbose parsed url   path: 'aphrodite@^2.4.0',
226 verbose parsed url   href: 'aphrodite@^2.4.0' }
227 verbose cache add name="aphrodite" spec="^2.4.0" args=["aphrodite","^2.4.0"]
228 verbose parsed url { pathname: '^2.4.0', path: '^2.4.0', href: '^2.4.0' }
229 verbose addNamed [ 'aphrodite', '^2.4.0' ]
230 verbose addNamed [ null, null ]
231 silly lockFile 0dad8f41-aphrodite-2-4-0 aphrodite@^2.4.0
232 verbose lock aphrodite@^2.4.0 /home/kinyuy/.npm/0dad8f41-aphrodite-2-4-0.lock
233 info addNameTag [ 'aphrodite', '^2.4.0' ]
234 verbose url raw aphrodite
235 verbose url resolving [ 'https://registry.npmjs.org/', './aphrodite' ]
236 verbose url resolved https://registry.npmjs.org/aphrodite
237 info trying registry request attempt 1 at 06:58:09
238 http GET https://registry.npmjs.org/aphrodite
239 info retry will retry, error on last attempt: Error: 140268132853568:error:1407742E:SSL routines:SSL23_GET_SERVER_HELLO:tlsv1 alert protocol version:../deps/openssl/openssl/ssl/s23_clnt.c:658:
240 info trying registry request attempt 2 at 06:58:20
241 http GET https://registry.npmjs.org/aphrodite
242 info retry will retry, error on last attempt: Error: 140268132853568:error:1407742E:SSL routines:SSL23_GET_SERVER_HELLO:tlsv1 alert protocol version:../deps/openssl/openssl/ssl/s23_clnt.c:658:
243 info trying registry request attempt 3 at 06:59:20
244 http GET https://registry.npmjs.org/aphrodite
245 silly lockFile 0dad8f41-aphrodite-2-4-0 aphrodite@^2.4.0
246 silly lockFile 0dad8f41-aphrodite-2-4-0 aphrodite@^2.4.0
247 error Error: 140268132853568:error:1407742E:SSL routines:SSL23_GET_SERVER_HELLO:tlsv1 alert protocol version:../deps/openssl/openssl/ssl/s23_clnt.c:658:
247 error
247 error     at CleartextStream._puller (tls.js:670:24)
247 error     at CleartextStream.CryptoStream._pull (tls.js:604:19)
247 error     at SecurePair.cycle (tls.js:894:20)
247 error     at EncryptedStream.CryptoStream.write (tls.js:285:13)
247 error     at Socket.ondata (stream.js:38:26)
247 error     at Socket.EventEmitter.emit (events.js:96:17)
247 error     at TCP.onread (net.js:397:14)
248 error If you need help, you may report this log at:
248 error     <http://github.com/isaacs/npm/issues>
248 error or email it to:
248 error     <npm-@googlegroups.com>
249 error System Linux 5.15.153.1-microsoft-standard-WSL2
250 error command "/home/kinyuy/.nvm/v0.8.28/bin/node" "/home/kinyuy/.nvm/v0.8.28/bin/npm" "install" "--save" "aphrodite"
251 error cwd /home/kinyuy/alx-react/0x04. React components
252 error node -v v0.8.28
253 error npm -v 1.2.30
254 verbose exit [ 1, true ]
